维度：颜色分类
  - 胡桃木床 柔光夜灯带公牛插座
  - 胡桃木床+床头柜*1 柔光夜灯带公牛插座
  - 胡桃木床+床头柜*2 柔光夜灯带公牛插座
  - 胡桃木床+负离子椰棕床垫 8CM/20CM床垫选择
  - 胡桃木床+床头柜*1+负离子椰棕床垫 8CM/20CM床垫选择
  - 胡桃木床+床头柜*2+负离子椰棕床垫 8CM/20CM床垫选择
  - 胡桃木床+5D乳胶床垫 8CM/20CM床垫选择
  - 胡桃木床+床头柜*1+5D乳胶床垫 8CM/20CM床垫选择
  - 胡桃木床+床头柜*2+5D乳胶床垫 8CM/20CM床垫选择
  - 胡桃木床+三分水洗乳胶床垫 12CM/26CM床垫选择
  - 胡桃木床+床头柜*1+三分水洗乳胶床垫 12CM/26CM床垫选择
  - 胡桃木床+床头柜*2+三分水洗乳胶床垫 12CM/26CM床垫选择
  - 胡桃木床+纯手工山棕床垫 传统工艺8CM床垫
  - 胡桃木床+床头柜*1+纯手工山棕床垫 传统工艺8CM床垫
  - 胡桃木床+床头柜*2+纯手工山棕床垫 传统工艺8CM床垫
维度：适用床垫尺寸
  - 1500mm*2000mm
  - 1800mm*2000mm
  - 2000mm*2000mm
  - 2000mm*2200mm
维度：家具结构
  - 框架结构
  - 榫卯结构
  - 气压结构
  - 箱框结构
  - 气压双抽结构
  - 燕尾榫床板箱框结构
  - 正面全开气压结构
[18:15:21] 正在处理组合 1/420: 胡桃木床 柔光夜灯带公牛插座---1500mm*2000mm---框架结构
[18:15:24] 完成组合 1: 胡桃木床 柔光夜灯带公牛插座---1500mm*2000mm---框架结构---未获取到价格
[18:15:24] 正在处理组合 2/420: 胡桃木床 柔光夜灯带公牛插座---1500mm*2000mm---榫卯结构
[18:15:26] 完成组合 2: 胡桃木床 柔光夜灯带公牛插座---1500mm*2000mm---榫卯结构---未获取到价格
[18:15:26] 正在处理组合 3/420: 胡桃木床 柔光夜灯带公牛插座---1500mm*2000mm---气压结构
[18:15:28] 完成组合 3: 胡桃木床 柔光夜灯带公牛插座---1500mm*2000mm---气压结构---未获取到价格
[18:15:28] 正在处理组合 4/420: 胡桃木床 柔光夜灯带公牛插座---1500mm*2000mm---箱框结构
[18:15:31] 完成组合 4: 胡桃木床 柔光夜灯带公牛插座---1500mm*2000mm---箱框结构---未获取到价格
[18:15:31] 正在处理组合 5/420: 胡桃木床 柔光夜灯带公牛插座---1500mm*2000mm---气压双抽结构
[18:15:33] 完成组合 5: 胡桃木床 柔光夜灯带公牛插座---1500mm*2000mm---气压双抽结构---未获取到价格
[18:15:33] 正在处理组合 6/420: 胡桃木床 柔光夜灯带公牛插座---1500mm*2000mm---燕尾榫床板箱框结构
[18:15:35] 完成组合 6: 胡桃木床 柔光夜灯带公牛插座---1500mm*2000mm---燕尾榫床板箱框结构---未获取到价格
[18:15:35] 正在处理组合 7/420: 胡桃木床 柔光夜灯带公牛插座---1500mm*2000mm---正面全开气压结构
[18:15:38] 完成组合 7: 胡桃木床 柔光夜灯带公牛插座---1500mm*2000mm---正面全开气压结构---未获取到价格
[18:15:38] 正在处理组合 8/420: 胡桃木床 柔光夜灯带公牛插座---1800mm*2000mm---框架结构
[18:15:40] 完成组合 8: 胡桃木床 柔光夜灯带公牛插座---1800mm*2000mm---框架结构---未获取到价格
[18:15:40] 正在处理组合 9/420: 胡桃木床 柔光夜灯带公牛插座---1800mm*2000mm---榫卯结构
[18:15:43] 完成组合 9: 胡桃木床 柔光夜灯带公牛插座---1800mm*2000mm---榫卯结构---未获取到价格
[18:15:43] 正在处理组合 10/420: 胡桃木床 柔光夜灯带公牛插座---1800mm*2000mm---气压结构
[18:15:45] 完成组合 10: 胡桃木床 柔光夜灯带公牛插座---1800mm*2000mm---气压结构---未获取到价格
[18:15:45] 正在处理组合 11/420: 胡桃木床 柔光夜灯带公牛插座---1800mm*2000mm---箱框结构
[18:15:48] 完成组合 11: 胡桃木床 柔光夜灯带公牛插座---1800mm*2000mm---箱框结构---未获取到价格
[18:15:48] 正在处理组合 12/420: 胡桃木床 柔光夜灯带公牛插座---1800mm*2000mm---气压双抽结构
[18:15:50] 完成组合 12: 胡桃木床 柔光夜灯带公牛插座---1800mm*2000mm---气压双抽结构---未获取到价格
[18:15:50] 正在处理组合 13/420: 胡桃木床 柔光夜灯带公牛插座---1800mm*2000mm---燕尾榫床板箱框结构
[18:15:53] 完成组合 13: 胡桃木床 柔光夜灯带公牛插座---1800mm*2000mm---燕尾榫床板箱框结构---未获取到价格
[18:15:53] 正在处理组合 14/420: 胡桃木床 柔光夜灯带公牛插座---1800mm*2000mm---正面全开气压结构
[18:15:55] 完成组合 14: 胡桃木床 柔光夜灯带公牛插座---1800mm*2000mm---正面全开气压结构---未获取到价格
[18:15:55] 正在处理组合 15/420: 胡桃木床 柔光夜灯带公牛插座---2000mm*2000mm---框架结构
[18:15:57] 完成组合 15: 胡桃木床 柔光夜灯带公牛插座---2000mm*2000mm---框架结构---未获取到价格
[18:15:57] 正在处理组合 16/420: 胡桃木床 柔光夜灯带公牛插座---2000mm*2000mm---榫卯结构
[18:16:00] 完成组合 16: 胡桃木床 柔光夜灯带公牛插座---2000mm*2000mm---榫卯结构---未获取到价格
[18:16:00] 正在处理组合 17/420: 胡桃木床 柔光夜灯带公牛插座---2000mm*2000mm---气压结构
[18:16:02] 完成组合 17: 胡桃木床 柔光夜灯带公牛插座---2000mm*2000mm---气压结构---未获取到价格
[18:16:02] 正在处理组合 18/420: 胡桃木床 柔光夜灯带公牛插座---2000mm*2000mm---箱框结构
[18:16:04] 完成组合 18: 胡桃木床 柔光夜灯带公牛插座---2000mm*2000mm---箱框结构---未获取到价格
[18:16:04] 正在处理组合 19/420: 胡桃木床 柔光夜灯带公牛插座---2000mm*2000mm---气压双抽结构
[18:16:07] 完成组合 19: 胡桃木床 柔光夜灯带公牛插座---2000mm*2000mm---气压双抽结构---未获取到价格
[18:16:07] 正在处理组合 20/420: 胡桃木床 柔光夜灯带公牛插座---2000mm*2000mm---燕尾榫床板箱框结构
[18:16:09] 完成组合 20: 胡桃木床 柔光夜灯带公牛插座---2000mm*2000mm---燕尾榫床板箱框结构---未获取到价格
[18:16:09] 正在处理组合 21/420: 胡桃木床 柔光夜灯带公牛插座---2000mm*2000mm---正面全开气压结构
